2017-12-08T05:02:43+00:00 CRITICAL Call to undefined function get_wp_user_avatar()

2017-12-08T05:02:46+00:00 CRITICAL Call to undefined function get_wp_user_avatar()

2017-12-08T05:44:50+00:00 CRITICAL Call to undefined function get_wp_user_avatar()

2017-12-08T06:18:11+00:00 CRITICAL Call to undefined function get_wp_user_avatar()

2017-12-08T06:19:00+00:00 CRITICAL Call to undefined function get_wp_user_avatar()

2017-12-11T03:10:40+00:00 CRITICAL Call to undefined function get_wp_user_avatar()

2017-12-11T03:13:00+00:00 CRITICAL Call to undefined function get_wp_user_avatar()

2017-12-11T03:13:22+00:00 CRITICAL Call to undefined function get_wp_user_avatar()

2017-12-11T03:13:43+00:00 CRITICAL Call to undefined function get_wp_user_avatar()

2017-12-11T07:43:52+00:00 CRITICAL Call to undefined function get_wp_user_avatar()

2017-12-11T07:44:22+00:00 CRITICAL Call to undefined function get_wp_user_avatar()

2017-12-15T03:27:30+00:00 CRITICAL Call to undefined function get_wp_user_avatar()

2017-12-15T03:27:44+00:00 CRITICAL Call to undefined function get_wp_user_avatar()

2017-12-15T03:37:37+00:00 CRITICAL Call to undefined function get_wp_user_avatar()

2017-12-19T00:39:34+00:00 CRITICAL Call to undefined function get_wp_user_avatar()

2017-12-19T02:17:09+00:00 CRITICAL Call to undefined function get_wp_user_avatar()

2017-12-19T02:17:29+00:00 CRITICAL Call to undefined function get_wp_user_avatar()

2017-12-19T02:25:04+00:00 CRITICAL Call to undefined function get_wp_user_avatar()

2017-12-19T02:53:22+00:00 CRITICAL Call to undefined function get_wp_user_avatar()

2017-12-19T03:22:23+00:00 CRITICAL Call to undefined function get_wp_user_avatar()

2017-12-19T03:39:54+00:00 CRITICAL Call to undefined function get_wp_user_avatar()

2017-12-19T03:48:11+00:00 CRITICAL Call to undefined function get_wp_user_avatar()

2017-12-19T03:48:32+00:00 CRITICAL Call to undefined function get_wp_user_avatar()

2017-12-19T03:49:00+00:00 CRITICAL Call to undefined function get_wp_user_avatar()

2017-12-19T03:52:04+00:00 CRITICAL Call to undefined function get_wp_user_avatar()

2017-12-19T04:09:03+00:00 CRITICAL Call to undefined function get_wp_user_avatar()

2017-12-19T06:43:17+00:00 CRITICAL Call to undefined function get_wp_user_avatar()

2017-12-19T06:52:50+00:00 CRITICAL Call to undefined function get_wp_user_avatar()

2017-12-19T07:17:07+00:00 CRITICAL Call to undefined function get_wp_user_avatar()

2017-12-19T07:17:18+00:00 CRITICAL Call to undefined function get_wp_user_avatar()

2017-12-19T07:17:31+00:00 CRITICAL Call to undefined function get_wp_user_avatar()

2017-12-19T07:59:25+00:00 CRITICAL Call to undefined function get_wp_user_avatar()

2017-12-19T08:25:52+00:00 CRITICAL Call to undefined function get_wp_user_avatar()

2017-12-19T08:26:02+00:00 CRITICAL Call to undefined function get_wp_user_avatar()

2017-12-20T01:47:17+00:00 CRITICAL Call to undefined function get_wp_user_avatar()

2017-12-20T01:49:20+00:00 CRITICAL Call to undefined function get_wp_user_avatar()

2017-12-20T01:49:32+00:00 CRITICAL Call to undefined function get_wp_user_avatar()

2017-12-20T02:08:04+00:00 CRITICAL Call to undefined function get_wp_user_avatar()

2017-12-20T02:08:15+00:00 CRITICAL Call to undefined function get_wp_user_avatar()

2017-12-20T03:31:26+00:00 CRITICAL Call to undefined function get_wp_user_avatar()

2017-12-20T03:43:10+00:00 CRITICAL Call to undefined function get_wp_user_avatar()

2017-12-20T06:01:44+00:00 CRITICAL Call to undefined function get_wp_user_avatar()

2017-12-20T06:02:02+00:00 CRITICAL Call to undefined function get_wp_user_avatar()

2017-12-20T06:02:05+00:00 CRITICAL Call to undefined function get_wp_user_avatar()

2017-12-20T06:02:44+00:00 CRITICAL Call to undefined function get_wp_user_avatar()

2017-12-20T06:02:47+00:00 CRITICAL Call to undefined function get_wp_user_avatar()

2017-12-20T06:48:54+00:00 CRITICAL Call to undefined function get_wp_user_avatar()

2017-12-20T06:58:00+00:00 CRITICAL Call to undefined function get_wp_user_avatar()

2017-12-20T06:58:06+00:00 CRITICAL Call to undefined function get_wp_user_avatar()

2017-12-20T06:59:22+00:00 CRITICAL Call to undefined function get_wp_user_avatar()

2017-12-20T06:59:25+00:00 CRITICAL Call to undefined function get_wp_user_avatar()

2017-12-20T07:11:17+00:00 CRITICAL Call to undefined function get_wp_user_avatar()

2017-12-20T07:11:50+00:00 CRITICAL Call to undefined function get_wp_user_avatar()

2017-12-20T07:11:55+00:00 CRITICAL Call to undefined function get_wp_user_avatar()

2017-12-20T07:11:58+00:00 CRITICAL Call to undefined function get_wp_user_avatar()

2017-12-20T07:12:07+00:00 CRITICAL Call to undefined function get_wp_user_avatar()

2017-12-20T07:12:10+00:00 CRITICAL Call to undefined function get_wp_user_avatar()

2017-12-20T08:37:25+00:00 CRITICAL Call to undefined function get_wp_user_avatar()

2017-12-20T08:37:40+00:00 CRITICAL Call to undefined function get_wp_user_avatar()

2017-12-20T08:39:19+00:00 CRITICAL Call to undefined function get_wp_user_avatar()

2018-01-03T01:41:25+00:00 CRITICAL Call to undefined function YITH_WC_Social_Login_Frontend()

2018-01-03T01:41:39+00:00 CRITICAL Call to undefined function YITH_WC_Social_Login_Frontend()

2018-01-11T00:56:03+00:00 CRITICAL Call to a member function get_type() on a non-object

2018-01-11T00:56:11+00:00 CRITICAL Call to a member function get_type() on a non-object

2018-01-11T00:56:16+00:00 CRITICAL Call to a member function get_type() on a non-object

2018-01-11T01:00:53+00:00 CRITICAL Call to a member function get_type() on a non-object

2018-01-12T02:47:22+00:00 CRITICAL Call to undefined function YITH_WC_Social_Login_Frontend()

2018-01-12T02:49:30+00:00 CRITICAL Call to undefined function YITH_WC_Social_Login_Frontend()

2018-01-12T02:50:11+00:00 CRITICAL Call to undefined function YITH_WC_Social_Login_Frontend()

2018-01-12T02:50:24+00:00 CRITICAL Call to undefined function YITH_WC_Social_Login_Frontend()

2018-01-12T08:03:06+00:00 CRITICAL Call to a member function is_type() on a non-object

2018-01-12T08:03:10+00:00 CRITICAL Call to a member function is_type() on a non-object

2018-01-25T04:29:18+00:00 CRITICAL Uncaught exception 'Exception' with message 'String could not be parsed as XML' in /home/delexioc/public_html/designer/designer/wp-content/plugins/yith-woocommerce-order-tracking-premium/plugin-fw/lib/yit-upgrade.php:109
Stack trace:
#0 /home/delexioc/public_html/designer/designer/wp-content/plugins/yith-woocommerce-order-tracking-premium/plugin-fw/lib/yit-upgrade.php(109): SimpleXMLElement->__construct('<? xml version ...')
#1 /home/delexioc/public_html/designer/designer/wp-content/plugins/yith-woocommerce-social-login-premium/includes/class-yith-social-login-premium.php(349): YIT_Upgrade->register('yith-woocommerc...', 'yith-woocommerc...')
#2 [internal function]: YITH_WC_Social_Login_Premium->register_plugin_for_updates('')
#3 /home/delexioc/public_html/designer/designer/wp-includes/class-wp-hook.php(286): call_user_func_array(Array, Array)
#4 /home/delexioc/public_html/designer/designer/wp-includes/class-wp-hook.php(310): WP_Hook->apply_filters('', Array)
#5 /home/delexioc/public_html/designer/designer/wp

2018-01-25T04:29:44+00:00 CRITICAL Uncaught exception 'Exception' with message 'String could not be parsed as XML' in /home/delexioc/public_html/designer/designer/wp-content/plugins/yith-woocommerce-order-tracking-premium/plugin-fw/lib/yit-upgrade.php:109
Stack trace:
#0 /home/delexioc/public_html/designer/designer/wp-content/plugins/yith-woocommerce-order-tracking-premium/plugin-fw/lib/yit-upgrade.php(109): SimpleXMLElement->__construct('<? xml version ...')
#1 /home/delexioc/public_html/designer/designer/wp-content/plugins/yith-woocommerce-social-login-premium/includes/class-yith-social-login-premium.php(349): YIT_Upgrade->register('yith-woocommerc...', 'yith-woocommerc...')
#2 [internal function]: YITH_WC_Social_Login_Premium->register_plugin_for_updates('')
#3 /home/delexioc/public_html/designer/designer/wp-includes/class-wp-hook.php(286): call_user_func_array(Array, Array)
#4 /home/delexioc/public_html/designer/designer/wp-includes/class-wp-hook.php(310): WP_Hook->apply_filters('', Array)
#5 /home/delexioc/public_html/designer/designer/wp

2018-01-25T04:41:42+00:00 CRITICAL Uncaught exception 'Exception' with message 'String could not be parsed as XML' in /home/delexioc/public_html/designer/designer/wp-content/plugins/yith-woocommerce-order-tracking-premium/plugin-fw/lib/yit-upgrade.php:109
Stack trace:
#0 /home/delexioc/public_html/designer/designer/wp-content/plugins/yith-woocommerce-order-tracking-premium/plugin-fw/lib/yit-upgrade.php(109): SimpleXMLElement->__construct('<? xml version ...')
#1 /home/delexioc/public_html/designer/designer/wp-content/plugins/yith-woocommerce-social-login-premium/includes/class-yith-social-login-premium.php(349): YIT_Upgrade->register('yith-woocommerc...', 'yith-woocommerc...')
#2 [internal function]: YITH_WC_Social_Login_Premium->register_plugin_for_updates('')
#3 /home/delexioc/public_html/designer/designer/wp-includes/class-wp-hook.php(286): call_user_func_array(Array, Array)
#4 /home/delexioc/public_html/designer/designer/wp-includes/class-wp-hook.php(310): WP_Hook->apply_filters('', Array)
#5 /home/delexioc/public_html/designer/designer/wp

2018-01-25T04:55:45+00:00 CRITICAL Uncaught exception 'Exception' with message 'String could not be parsed as XML' in /home/delexioc/public_html/designer/designer/wp-content/plugins/yith-woocommerce-order-tracking-premium/plugin-fw/lib/yit-upgrade.php:109
Stack trace:
#0 /home/delexioc/public_html/designer/designer/wp-content/plugins/yith-woocommerce-order-tracking-premium/plugin-fw/lib/yit-upgrade.php(109): SimpleXMLElement->__construct('<? xml version ...')
#1 /home/delexioc/public_html/designer/designer/wp-content/plugins/yith-woocommerce-social-login-premium/includes/class-yith-social-login-premium.php(349): YIT_Upgrade->register('yith-woocommerc...', 'yith-woocommerc...')
#2 [internal function]: YITH_WC_Social_Login_Premium->register_plugin_for_updates('')
#3 /home/delexioc/public_html/designer/designer/wp-includes/class-wp-hook.php(286): call_user_func_array(Array, Array)
#4 /home/delexioc/public_html/designer/designer/wp-includes/class-wp-hook.php(310): WP_Hook->apply_filters('', Array)
#5 /home/delexioc/public_html/designer/designer/wp

2018-01-25T05:10:14+00:00 CRITICAL Uncaught exception 'Exception' with message 'String could not be parsed as XML' in /home/delexioc/public_html/designer/designer/wp-content/plugins/yith-woocommerce-order-tracking-premium/plugin-fw/lib/yit-upgrade.php:109
Stack trace:
#0 /home/delexioc/public_html/designer/designer/wp-content/plugins/yith-woocommerce-order-tracking-premium/plugin-fw/lib/yit-upgrade.php(109): SimpleXMLElement->__construct('<? xml version ...')
#1 /home/delexioc/public_html/designer/designer/wp-content/plugins/yith-woocommerce-social-login-premium/includes/class-yith-social-login-premium.php(349): YIT_Upgrade->register('yith-woocommerc...', 'yith-woocommerc...')
#2 [internal function]: YITH_WC_Social_Login_Premium->register_plugin_for_updates('')
#3 /home/delexioc/public_html/designer/designer/wp-includes/class-wp-hook.php(286): call_user_func_array(Array, Array)
#4 /home/delexioc/public_html/designer/designer/wp-includes/class-wp-hook.php(310): WP_Hook->apply_filters('', Array)
#5 /home/delexioc/public_html/designer/designer/wp

2018-01-25T06:18:15+00:00 CRITICAL Uncaught exception 'Exception' with message 'String could not be parsed as XML' in /home/delexioc/public_html/designer/designer/wp-content/plugins/yith-woocommerce-order-tracking-premium/plugin-fw/lib/yit-upgrade.php:109
Stack trace:
#0 /home/delexioc/public_html/designer/designer/wp-content/plugins/yith-woocommerce-order-tracking-premium/plugin-fw/lib/yit-upgrade.php(109): SimpleXMLElement->__construct('<? xml version ...')
#1 /home/delexioc/public_html/designer/designer/wp-content/plugins/yith-woocommerce-social-login-premium/includes/class-yith-social-login-premium.php(349): YIT_Upgrade->register('yith-woocommerc...', 'yith-woocommerc...')
#2 [internal function]: YITH_WC_Social_Login_Premium->register_plugin_for_updates('')
#3 /home/delexioc/public_html/designer/designer/wp-includes/class-wp-hook.php(286): call_user_func_array(Array, Array)
#4 /home/delexioc/public_html/designer/designer/wp-includes/class-wp-hook.php(310): WP_Hook->apply_filters('', Array)
#5 /home/delexioc/public_html/designer/designer/wp

2018-01-25T06:25:15+00:00 CRITICAL Uncaught exception 'Exception' with message 'String could not be parsed as XML' in /home/delexioc/public_html/designer/designer/wp-content/plugins/yith-woocommerce-order-tracking-premium/plugin-fw/lib/yit-upgrade.php:109
Stack trace:
#0 /home/delexioc/public_html/designer/designer/wp-content/plugins/yith-woocommerce-order-tracking-premium/plugin-fw/lib/yit-upgrade.php(109): SimpleXMLElement->__construct('<? xml version ...')
#1 /home/delexioc/public_html/designer/designer/wp-content/plugins/yith-woocommerce-social-login-premium/includes/class-yith-social-login-premium.php(349): YIT_Upgrade->register('yith-woocommerc...', 'yith-woocommerc...')
#2 [internal function]: YITH_WC_Social_Login_Premium->register_plugin_for_updates('')
#3 /home/delexioc/public_html/designer/designer/wp-includes/class-wp-hook.php(286): call_user_func_array(Array, Array)
#4 /home/delexioc/public_html/designer/designer/wp-includes/class-wp-hook.php(310): WP_Hook->apply_filters('', Array)
#5 /home/delexioc/public_html/designer/designer/wp

2018-01-25T14:37:08+00:00 CRITICAL Uncaught exception 'Exception' with message 'String could not be parsed as XML' in /home/delexioc/public_html/designer/designer/wp-content/plugins/yith-woocommerce-order-tracking-premium/plugin-fw/lib/yit-upgrade.php:109
Stack trace:
#0 /home/delexioc/public_html/designer/designer/wp-content/plugins/yith-woocommerce-order-tracking-premium/plugin-fw/lib/yit-upgrade.php(109): SimpleXMLElement->__construct('<? xml version ...')
#1 /home/delexioc/public_html/designer/designer/wp-content/plugins/yith-woocommerce-social-login-premium/includes/class-yith-social-login-premium.php(349): YIT_Upgrade->register('yith-woocommerc...', 'yith-woocommerc...')
#2 [internal function]: YITH_WC_Social_Login_Premium->register_plugin_for_updates('')
#3 /home/delexioc/public_html/designer/designer/wp-includes/class-wp-hook.php(286): call_user_func_array(Array, Array)
#4 /home/delexioc/public_html/designer/designer/wp-includes/class-wp-hook.php(310): WP_Hook->apply_filters('', Array)
#5 /home/delexioc/public_html/designer/designer/wp

2018-01-25T14:59:46+00:00 CRITICAL Uncaught exception 'Exception' with message 'String could not be parsed as XML' in /home/delexioc/public_html/designer/designer/wp-content/plugins/yith-woocommerce-order-tracking-premium/plugin-fw/lib/yit-upgrade.php:109
Stack trace:
#0 /home/delexioc/public_html/designer/designer/wp-content/plugins/yith-woocommerce-order-tracking-premium/plugin-fw/lib/yit-upgrade.php(109): SimpleXMLElement->__construct('<? xml version ...')
#1 /home/delexioc/public_html/designer/designer/wp-content/plugins/yith-woocommerce-social-login-premium/includes/class-yith-social-login-premium.php(349): YIT_Upgrade->register('yith-woocommerc...', 'yith-woocommerc...')
#2 [internal function]: YITH_WC_Social_Login_Premium->register_plugin_for_updates('')
#3 /home/delexioc/public_html/designer/designer/wp-includes/class-wp-hook.php(286): call_user_func_array(Array, Array)
#4 /home/delexioc/public_html/designer/designer/wp-includes/class-wp-hook.php(310): WP_Hook->apply_filters('', Array)
#5 /home/delexioc/public_html/designer/designer/wp

2018-01-25T15:02:41+00:00 CRITICAL Uncaught exception 'Exception' with message 'String could not be parsed as XML' in /home/delexioc/public_html/designer/designer/wp-content/plugins/yith-woocommerce-order-tracking-premium/plugin-fw/lib/yit-upgrade.php:109
Stack trace:
#0 /home/delexioc/public_html/designer/designer/wp-content/plugins/yith-woocommerce-order-tracking-premium/plugin-fw/lib/yit-upgrade.php(109): SimpleXMLElement->__construct('<? xml version ...')
#1 /home/delexioc/public_html/designer/designer/wp-content/plugins/yith-woocommerce-social-login-premium/includes/class-yith-social-login-premium.php(349): YIT_Upgrade->register('yith-woocommerc...', 'yith-woocommerc...')
#2 [internal function]: YITH_WC_Social_Login_Premium->register_plugin_for_updates('')
#3 /home/delexioc/public_html/designer/designer/wp-includes/class-wp-hook.php(286): call_user_func_array(Array, Array)
#4 /home/delexioc/public_html/designer/designer/wp-includes/class-wp-hook.php(310): WP_Hook->apply_filters('', Array)
#5 /home/delexioc/public_html/designer/designer/wp

2018-01-25T23:12:05+00:00 CRITICAL Uncaught exception 'Exception' with message 'String could not be parsed as XML' in /home/delexioc/public_html/designer/designer/wp-content/plugins/yith-woocommerce-order-tracking-premium/plugin-fw/lib/yit-upgrade.php:109
Stack trace:
#0 /home/delexioc/public_html/designer/designer/wp-content/plugins/yith-woocommerce-order-tracking-premium/plugin-fw/lib/yit-upgrade.php(109): SimpleXMLElement->__construct('<? xml version ...')
#1 /home/delexioc/public_html/designer/designer/wp-content/plugins/yith-woocommerce-social-login-premium/includes/class-yith-social-login-premium.php(349): YIT_Upgrade->register('yith-woocommerc...', 'yith-woocommerc...')
#2 [internal function]: YITH_WC_Social_Login_Premium->register_plugin_for_updates('')
#3 /home/delexioc/public_html/designer/designer/wp-includes/class-wp-hook.php(286): call_user_func_array(Array, Array)
#4 /home/delexioc/public_html/designer/designer/wp-includes/class-wp-hook.php(310): WP_Hook->apply_filters('', Array)
#5 /home/delexioc/public_html/designer/designer/wp

2018-01-25T23:17:04+00:00 CRITICAL Uncaught exception 'Exception' with message 'String could not be parsed as XML' in /home/delexioc/public_html/designer/designer/wp-content/plugins/yith-woocommerce-order-tracking-premium/plugin-fw/lib/yit-upgrade.php:109
Stack trace:
#0 /home/delexioc/public_html/designer/designer/wp-content/plugins/yith-woocommerce-order-tracking-premium/plugin-fw/lib/yit-upgrade.php(109): SimpleXMLElement->__construct('<? xml version ...')
#1 /home/delexioc/public_html/designer/designer/wp-content/plugins/yith-woocommerce-social-login-premium/includes/class-yith-social-login-premium.php(349): YIT_Upgrade->register('yith-woocommerc...', 'yith-woocommerc...')
#2 [internal function]: YITH_WC_Social_Login_Premium->register_plugin_for_updates('')
#3 /home/delexioc/public_html/designer/designer/wp-includes/class-wp-hook.php(286): call_user_func_array(Array, Array)
#4 /home/delexioc/public_html/designer/designer/wp-includes/class-wp-hook.php(310): WP_Hook->apply_filters('', Array)
#5 /home/delexioc/public_html/designer/designer/wp

2018-01-25T23:19:55+00:00 CRITICAL Uncaught exception 'Exception' with message 'String could not be parsed as XML' in /home/delexioc/public_html/designer/designer/wp-content/plugins/yith-woocommerce-order-tracking-premium/plugin-fw/lib/yit-upgrade.php:109
Stack trace:
#0 /home/delexioc/public_html/designer/designer/wp-content/plugins/yith-woocommerce-order-tracking-premium/plugin-fw/lib/yit-upgrade.php(109): SimpleXMLElement->__construct('<? xml version ...')
#1 /home/delexioc/public_html/designer/designer/wp-content/plugins/yith-woocommerce-social-login-premium/includes/class-yith-social-login-premium.php(349): YIT_Upgrade->register('yith-woocommerc...', 'yith-woocommerc...')
#2 [internal function]: YITH_WC_Social_Login_Premium->register_plugin_for_updates('')
#3 /home/delexioc/public_html/designer/designer/wp-includes/class-wp-hook.php(286): call_user_func_array(Array, Array)
#4 /home/delexioc/public_html/designer/designer/wp-includes/class-wp-hook.php(310): WP_Hook->apply_filters('', Array)
#5 /home/delexioc/public_html/designer/designer/wp

2018-01-25T23:23:25+00:00 CRITICAL Uncaught exception 'Exception' with message 'String could not be parsed as XML' in /home/delexioc/public_html/designer/designer/wp-content/plugins/yith-woocommerce-order-tracking-premium/plugin-fw/lib/yit-upgrade.php:109
Stack trace:
#0 /home/delexioc/public_html/designer/designer/wp-content/plugins/yith-woocommerce-order-tracking-premium/plugin-fw/lib/yit-upgrade.php(109): SimpleXMLElement->__construct('<? xml version ...')
#1 /home/delexioc/public_html/designer/designer/wp-content/plugins/yith-woocommerce-social-login-premium/includes/class-yith-social-login-premium.php(349): YIT_Upgrade->register('yith-woocommerc...', 'yith-woocommerc...')
#2 [internal function]: YITH_WC_Social_Login_Premium->register_plugin_for_updates('')
#3 /home/delexioc/public_html/designer/designer/wp-includes/class-wp-hook.php(286): call_user_func_array(Array, Array)
#4 /home/delexioc/public_html/designer/designer/wp-includes/class-wp-hook.php(310): WP_Hook->apply_filters('', Array)
#5 /home/delexioc/public_html/designer/designer/wp

2018-01-25T23:24:29+00:00 CRITICAL Uncaught exception 'Exception' with message 'String could not be parsed as XML' in /home/delexioc/public_html/designer/designer/wp-content/plugins/yith-woocommerce-order-tracking-premium/plugin-fw/lib/yit-upgrade.php:109
Stack trace:
#0 /home/delexioc/public_html/designer/designer/wp-content/plugins/yith-woocommerce-order-tracking-premium/plugin-fw/lib/yit-upgrade.php(109): SimpleXMLElement->__construct('<? xml version ...')
#1 /home/delexioc/public_html/designer/designer/wp-content/plugins/yith-woocommerce-social-login-premium/includes/class-yith-social-login-premium.php(349): YIT_Upgrade->register('yith-woocommerc...', 'yith-woocommerc...')
#2 [internal function]: YITH_WC_Social_Login_Premium->register_plugin_for_updates('')
#3 /home/delexioc/public_html/designer/designer/wp-includes/class-wp-hook.php(286): call_user_func_array(Array, Array)
#4 /home/delexioc/public_html/designer/designer/wp-includes/class-wp-hook.php(310): WP_Hook->apply_filters('', Array)
#5 /home/delexioc/public_html/designer/designer/wp

2018-01-25T23:24:40+00:00 CRITICAL Uncaught exception 'Exception' with message 'String could not be parsed as XML' in /home/delexioc/public_html/designer/designer/wp-content/plugins/yith-woocommerce-order-tracking-premium/plugin-fw/lib/yit-upgrade.php:109
Stack trace:
#0 /home/delexioc/public_html/designer/designer/wp-content/plugins/yith-woocommerce-order-tracking-premium/plugin-fw/lib/yit-upgrade.php(109): SimpleXMLElement->__construct('<? xml version ...')
#1 /home/delexioc/public_html/designer/designer/wp-content/plugins/yith-woocommerce-social-login-premium/includes/class-yith-social-login-premium.php(349): YIT_Upgrade->register('yith-woocommerc...', 'yith-woocommerc...')
#2 [internal function]: YITH_WC_Social_Login_Premium->register_plugin_for_updates('')
#3 /home/delexioc/public_html/designer/designer/wp-includes/class-wp-hook.php(286): call_user_func_array(Array, Array)
#4 /home/delexioc/public_html/designer/designer/wp-includes/class-wp-hook.php(310): WP_Hook->apply_filters('', Array)
#5 /home/delexioc/public_html/designer/designer/wp

2018-01-26T03:14:39+00:00 CRITICAL Uncaught exception 'Exception' with message 'String could not be parsed as XML' in /home/delexioc/public_html/designer/designer/wp-content/plugins/yith-woocommerce-order-tracking-premium/plugin-fw/lib/yit-upgrade.php:109
Stack trace:
#0 /home/delexioc/public_html/designer/designer/wp-content/plugins/yith-woocommerce-order-tracking-premium/plugin-fw/lib/yit-upgrade.php(109): SimpleXMLElement->__construct('<? xml version ...')
#1 /home/delexioc/public_html/designer/designer/wp-content/plugins/yith-woocommerce-social-login-premium/includes/class-yith-social-login-premium.php(349): YIT_Upgrade->register('yith-woocommerc...', 'yith-woocommerc...')
#2 [internal function]: YITH_WC_Social_Login_Premium->register_plugin_for_updates('')
#3 /home/delexioc/public_html/designer/designer/wp-includes/class-wp-hook.php(286): call_user_func_array(Array, Array)
#4 /home/delexioc/public_html/designer/designer/wp-includes/class-wp-hook.php(310): WP_Hook->apply_filters('', Array)
#5 /home/delexioc/public_html/designer/designer/wp

2018-01-26T06:05:44+00:00 CRITICAL Uncaught exception 'Exception' with message 'String could not be parsed as XML' in /home/delexioc/public_html/designer/designer/wp-content/plugins/yith-woocommerce-order-tracking-premium/plugin-fw/lib/yit-upgrade.php:109
Stack trace:
#0 /home/delexioc/public_html/designer/designer/wp-content/plugins/yith-woocommerce-order-tracking-premium/plugin-fw/lib/yit-upgrade.php(109): SimpleXMLElement->__construct('<? xml version ...')
#1 /home/delexioc/public_html/designer/designer/wp-content/plugins/yith-woocommerce-social-login-premium/includes/class-yith-social-login-premium.php(349): YIT_Upgrade->register('yith-woocommerc...', 'yith-woocommerc...')
#2 [internal function]: YITH_WC_Social_Login_Premium->register_plugin_for_updates('')
#3 /home/delexioc/public_html/designer/designer/wp-includes/class-wp-hook.php(286): call_user_func_array(Array, Array)
#4 /home/delexioc/public_html/designer/designer/wp-includes/class-wp-hook.php(310): WP_Hook->apply_filters('', Array)
#5 /home/delexioc/public_html/designer/designer/wp

2018-01-26T06:06:36+00:00 CRITICAL Uncaught exception 'Exception' with message 'String could not be parsed as XML' in /home/delexioc/public_html/designer/designer/wp-content/plugins/yith-woocommerce-order-tracking-premium/plugin-fw/lib/yit-upgrade.php:109
Stack trace:
#0 /home/delexioc/public_html/designer/designer/wp-content/plugins/yith-woocommerce-order-tracking-premium/plugin-fw/lib/yit-upgrade.php(109): SimpleXMLElement->__construct('<? xml version ...')
#1 /home/delexioc/public_html/designer/designer/wp-content/plugins/yith-woocommerce-social-login-premium/includes/class-yith-social-login-premium.php(349): YIT_Upgrade->register('yith-woocommerc...', 'yith-woocommerc...')
#2 [internal function]: YITH_WC_Social_Login_Premium->register_plugin_for_updates('')
#3 /home/delexioc/public_html/designer/designer/wp-includes/class-wp-hook.php(286): call_user_func_array(Array, Array)
#4 /home/delexioc/public_html/designer/designer/wp-includes/class-wp-hook.php(310): WP_Hook->apply_filters('', Array)
#5 /home/delexioc/public_html/designer/designer/wp

2018-01-30T00:50:54+00:00 CRITICAL Call to undefined function YITH_WC_Social_Login_Frontend()

2018-01-30T00:51:23+00:00 CRITICAL Call to undefined function YITH_WC_Social_Login_Frontend()

2018-01-30T00:52:48+00:00 CRITICAL Call to undefined function YITH_WC_Social_Login_Frontend()

2018-01-30T00:58:13+00:00 CRITICAL Call to undefined function YITH_WC_Social_Login_Frontend()

2018-01-30T01:04:20+00:00 CRITICAL Call to undefined function YITH_WC_Social_Login_Frontend()

